<?xml version="1.0" encoding="UTF-8"?>
<!-- Generated by org.testng.reporters.JUnitXMLReporter -->
<testsuite ignored="0" hostname="DESKTOP-NQ83CF5" failures="0" tests="1" name="Testdemo" time="0.286" errors="0" timestamp="2024-02-29T15:17:18 IST">
  <testcase classname="tasks.Flipkart" name="@BeforeMethod checklogin" time="0.2">
    <failure type="java.lang.NullPointerException" message="Cannot invoke &amp;quot;com.aventstack.extentreports.ExtentTest.log(com.aventstack.extentreports.Status, String)&amp;quot; because &amp;quot;this.test&amp;quot; is null">
      <![CDATA[java.lang.NullPointerException: Cannot invoke "com.aventstack.extentreports.ExtentTest.log(com.aventstack.extentreports.Status, String)" because "this.test" is null
at tasks.Flipkart.checklogin(Flipkart.java:84)
at java.base/java.util.ArrayList.forEach(ArrayList.java:1511)
... Removed 31 stack frames]]>
    </failure>
  </testcase> <!-- @BeforeMethod checklogin -->
  <testcase classname="tasks.Flipkart" name="@AfterMethod screenshot" time="0.0">
    <skipped/>
  </testcase> <!-- @AfterMethod screenshot -->
  <testcase classname="tasks.Flipkart" name="testCurrentUrl" time="0.0">
    <skipped/>
  </testcase> <!-- testCurrentUrl -->
</testsuite> <!-- Testdemo -->
